2024-09-10 14:33:02.728 [info] Log level: Info
2024-09-10 14:33:02.728 [info] Validating found git in: "git"
2024-09-10 14:33:02.728 [info] Using git "2.43.5" from "git"
2024-09-10 14:33:02.728 [info] > git rev-parse --show-toplevel [7ms]
2024-09-10 14:33:02.728 [info] fatal: not a git repository (or any of the parent directories): .git
2024-09-10 14:33:02.734 [info] > git rev-parse --show-toplevel [2ms]
2024-09-10 14:33:02.740 [info] > git rev-parse --git-dir --git-common-dir [3ms]
2024-09-10 14:33:02.751 [info] Open repository: /home/ec2-user/ansible_windows_project
2024-09-10 14:33:02.763 [info] > git config --get commit.template [4ms]
2024-09-10 14:33:02.770 [info] > git rev-parse --show-toplevel [8ms]
2024-09-10 14:33:02.770 [info] fatal: not a git repository (or any of the parent directories): .git
2024-09-10 14:33:02.774 [info] > git for-each-ref --format=%(refname)%00%(upstream:short)%00%(objectname)%00%(upstream:track)%00%(upstream:remotename)%00%(upstream:remoteref) refs/heads/main refs/remotes/main [5ms]
2024-09-10 14:33:02.780 [info] > git rev-parse --show-toplevel [7ms]
2024-09-10 14:33:02.781 [info] fatal: not a git repository (or any of the parent directories): .git
2024-09-10 14:33:02.786 [info] > git status -z -uall [8ms]
2024-09-10 14:33:02.804 [info] > git rev-parse --show-toplevel [19ms]
2024-09-10 14:33:02.804 [info] fatal: not a git repository (or any of the parent directories): .git
2024-09-10 14:33:02.809 [info] > git config --get commit.template [12ms]
2024-09-10 14:33:02.814 [info] > git rev-parse --show-toplevel [5ms]
2024-09-10 14:33:02.814 [info] fatal: not a git repository (or any of the parent directories): .git
2024-09-10 14:33:02.848 [info] > git for-each-ref --format=%(refname)%00%(upstream:short)%00%(objectname)%00%(upstream:track)%00%(upstream:remotename)%00%(upstream:remoteref) refs/heads/main refs/remotes/main [35ms]
2024-09-10 14:33:02.865 [info] > git status -z -uall [13ms]
2024-09-10 14:33:02.868 [info] > git rev-parse --show-toplevel [48ms]
2024-09-10 14:33:02.869 [info] fatal: not a git repository (or any of the parent directories): .git
2024-09-10 14:33:02.881 [info] > git rev-parse --show-toplevel [7ms]
2024-09-10 14:33:02.886 [info] > git rev-parse --git-dir --git-common-dir [3ms]
2024-09-10 14:33:02.890 [info] Open repository: /home/ec2-user/ansible-project
2024-09-10 14:33:02.897 [info] > git config --get commit.template [4ms]
2024-09-10 14:33:02.903 [info] > git rev-parse --show-toplevel [5ms]
2024-09-10 14:33:02.903 [info] fatal: not a git repository (or any of the parent directories): .git
2024-09-10 14:33:02.908 [info] > git for-each-ref --format=%(refname)%00%(upstream:short)%00%(objectname)%00%(upstream:track)%00%(upstream:remotename)%00%(upstream:remoteref) refs/heads/main refs/remotes/main [6ms]
2024-09-10 14:33:02.919 [info] > git status -z -uall [9ms]
2024-09-10 14:33:02.931 [info] > git config --get commit.template [6ms]
2024-09-10 14:33:02.932 [info] > git for-each-ref --format=%(refname)%00%(upstream:short)%00%(objectname)%00%(upstream:track)%00%(upstream:remotename)%00%(upstream:remoteref) refs/heads/main refs/remotes/main [3ms]
2024-09-10 14:33:02.937 [info] > git status -z -uall [3ms]
2024-09-10 14:33:03.545 [info] > git check-ignore -v -z --stdin [5ms]
2024-09-10 14:33:03.565 [info] > git check-ignore -v -z --stdin [22ms]
2024-09-10 14:33:03.566 [info] > git show --textconv :check_runner.yml [8ms]
2024-09-10 14:33:03.569 [info] > git ls-files --stage -- /home/ec2-user/ansible_windows_project/check_runner.yml [5ms]
2024-09-10 14:33:03.585 [info] > git cat-file -s f11483506831be6c31a86ee37ca0bfa2f9bbf165 [13ms]
2024-09-10 14:33:04.125 [info] > git check-ignore -v -z --stdin [2ms]
2024-09-10 14:44:03.304 [info] > git rev-parse --show-toplevel [9ms]
2024-09-10 14:44:03.304 [info] fatal: not a git repository (or any of the parent directories): .git
2024-09-10 14:48:15.910 [info] > git show --textconv :monitorResult.yml [5ms]
2024-09-10 14:48:15.914 [info] > git ls-files --stage -- /home/ec2-user/ansible_windows_project/monitorResult.yml [4ms]
2024-09-10 14:48:15.919 [info] > git cat-file -s 99056897c5cd8bb152b35da412a38591d711ae66 [2ms]
2024-09-10 14:48:22.509 [info] > git show --textconv :check_runner.yml [5ms]
2024-09-10 14:48:22.513 [info] > git ls-files --stage -- /home/ec2-user/ansible_windows_project/check_runner.yml [4ms]
2024-09-10 14:48:22.517 [info] > git cat-file -s f11483506831be6c31a86ee37ca0bfa2f9bbf165 [2ms]
2024-09-10 14:50:03.714 [info] > git config --get commit.template [7ms]
2024-09-10 14:50:03.716 [info] > git for-each-ref --format=%(refname)%00%(upstream:short)%00%(objectname)%00%(upstream:track)%00%(upstream:remotename)%00%(upstream:remoteref) refs/heads/main refs/remotes/main [3ms]
2024-09-10 14:50:03.722 [info] > git status -z -uall [2ms]
2024-09-10 14:50:14.851 [info] > git show --textconv :result.txt [7ms]
2024-09-10 14:50:14.853 [info] > git ls-files --stage -- /home/ec2-user/ansible_windows_project/result.txt [4ms]
2024-09-10 14:50:14.857 [info] > git cat-file -s 71cd3ebab61d6dd70284c60c29c089e53f2806ec [2ms]
2024-09-10 14:50:19.572 [info] > git show --textconv :check_runner.yml [6ms]
2024-09-10 14:50:19.575 [info] > git ls-files --stage -- /home/ec2-user/ansible_windows_project/check_runner.yml [5ms]
2024-09-10 14:50:19.580 [info] > git cat-file -s f11483506831be6c31a86ee37ca0bfa2f9bbf165 [2ms]
2024-09-10 14:51:09.562 [info] > git config --get commit.template [6ms]
2024-09-10 14:51:09.564 [info] > git for-each-ref --format=%(refname)%00%(upstream:short)%00%(objectname)%00%(upstream:track)%00%(upstream:remotename)%00%(upstream:remoteref) refs/heads/main refs/remotes/main [4ms]
2024-09-10 14:51:09.569 [info] > git status -z -uall [2ms]
2024-09-10 14:55:40.370 [info] > git config --get commit.template [4ms]
2024-09-10 14:55:40.373 [info] > git for-each-ref --format=%(refname)%00%(upstream:short)%00%(objectname)%00%(upstream:track)%00%(upstream:remotename)%00%(upstream:remoteref) refs/heads/main refs/remotes/main [3ms]
2024-09-10 14:55:40.378 [info] > git status -z -uall [2ms]
2024-09-10 15:01:39.894 [info] > git config --get commit.template [5ms]
2024-09-10 15:01:39.897 [info] > git for-each-ref --format=%(refname)%00%(upstream:short)%00%(objectname)%00%(upstream:track)%00%(upstream:remotename)%00%(upstream:remoteref) refs/heads/main refs/remotes/main [4ms]
2024-09-10 15:01:39.902 [info] > git status -z -uall [2ms]
2024-09-10 15:02:57.429 [info] > git show --textconv :monitorResult.yml [5ms]
2024-09-10 15:02:57.432 [info] > git ls-files --stage -- /home/ec2-user/ansible_windows_project/monitorResult.yml [3ms]
2024-09-10 15:02:57.437 [info] > git cat-file -s 99056897c5cd8bb152b35da412a38591d711ae66 [3ms]
2024-09-10 15:03:15.917 [info] > git config --get commit.template [7ms]
2024-09-10 15:03:15.920 [info] > git for-each-ref --format=%(refname)%00%(upstream:short)%00%(objectname)%00%(upstream:track)%00%(upstream:remotename)%00%(upstream:remoteref) refs/heads/main refs/remotes/main [4ms]
2024-09-10 15:03:15.925 [info] > git status -z -uall [3ms]
2024-09-10 15:03:18.260 [info] > git show --textconv :check_runner.yml [7ms]
2024-09-10 15:03:18.263 [info] > git ls-files --stage -- /home/ec2-user/ansible_windows_project/check_runner.yml [5ms]
2024-09-10 15:03:18.267 [info] > git cat-file -s f11483506831be6c31a86ee37ca0bfa2f9bbf165 [2ms]
2024-09-10 15:05:50.161 [info] > git config --get commit.template [5ms]
2024-09-10 15:05:50.163 [info] > git for-each-ref --format=%(refname)%00%(upstream:short)%00%(objectname)%00%(upstream:track)%00%(upstream:remotename)%00%(upstream:remoteref) refs/heads/main refs/remotes/main [2ms]
2024-09-10 15:05:50.168 [info] > git status -z -uall [2ms]
2024-09-10 15:07:38.343 [info] > git config --get commit.template [7ms]
2024-09-10 15:07:38.345 [info] > git for-each-ref --format=%(refname)%00%(upstream:short)%00%(objectname)%00%(upstream:track)%00%(upstream:remotename)%00%(upstream:remoteref) refs/heads/main refs/remotes/main [3ms]
2024-09-10 15:07:38.350 [info] > git status -z -uall [2ms]
