2024-09-09 14:45:28.849 [info] Log level: Info
2024-09-09 14:45:28.849 [info] Validating found git in: "git"
2024-09-09 14:45:28.850 [info] Using git "2.43.5" from "git"
2024-09-09 14:45:28.850 [info] > git rev-parse --show-toplevel [3ms]
2024-09-09 14:45:28.850 [info] fatal: not a git repository (or any of the parent directories): .git
2024-09-09 14:45:28.850 [info] > git rev-parse --show-toplevel [4ms]
2024-09-09 14:45:28.850 [info] > git rev-parse --git-dir --git-common-dir [1ms]
2024-09-09 14:45:28.850 [info] Open repository: /home/ec2-user/ansible_windows_project
2024-09-09 14:45:28.850 [info] > git config --get commit.template [4ms]
2024-09-09 14:45:28.850 [info] > git rev-parse --show-toplevel [7ms]
2024-09-09 14:45:28.850 [info] fatal: not a git repository (or any of the parent directories): .git
2024-09-09 14:45:28.850 [info] > git for-each-ref --format=%(refname)%00%(upstream:short)%00%(objectname)%00%(upstream:track)%00%(upstream:remotename)%00%(upstream:remoteref) refs/heads/main refs/remotes/main [12ms]
2024-09-09 14:45:28.850 [info] > git rev-parse --show-toplevel [11ms]
2024-09-09 14:45:28.850 [info] fatal: not a git repository (or any of the parent directories): .git
2024-09-09 14:45:28.851 [info] > git status -z -uall [7ms]
2024-09-09 14:45:28.851 [info] > git rev-parse --show-toplevel [12ms]
2024-09-09 14:45:28.851 [info] fatal: not a git repository (or any of the parent directories): .git
2024-09-09 14:45:28.851 [info] > git config --get commit.template [6ms]
2024-09-09 14:45:28.852 [info] > git rev-parse --show-toplevel [5ms]
2024-09-09 14:45:28.852 [info] fatal: not a git repository (or any of the parent directories): .git
2024-09-09 14:45:28.852 [info] > git for-each-ref --format=%(refname)%00%(upstream:short)%00%(objectname)%00%(upstream:track)%00%(upstream:remotename)%00%(upstream:remoteref) refs/heads/main refs/remotes/main [4ms]
2024-09-09 14:45:28.852 [info] > git rev-parse --show-toplevel [6ms]
2024-09-09 14:45:28.852 [info] fatal: not a git repository (or any of the parent directories): .git
2024-09-09 14:45:28.852 [info] > git status -z -uall [5ms]
2024-09-09 14:45:28.852 [info] > git rev-parse --show-toplevel [6ms]
2024-09-09 14:45:28.852 [info] > git rev-parse --git-dir --git-common-dir [2ms]
2024-09-09 14:45:28.852 [info] Open repository: /home/ec2-user/ansible-project
2024-09-09 14:45:28.852 [info] > git rev-parse --show-toplevel [14ms]
2024-09-09 14:45:28.852 [info] fatal: not a git repository (or any of the parent directories): .git
2024-09-09 14:45:28.852 [info] > git config --get commit.template [20ms]
2024-09-09 14:45:28.852 [info] > git for-each-ref --format=%(refname)%00%(upstream:short)%00%(objectname)%00%(upstream:track)%00%(upstream:remotename)%00%(upstream:remoteref) refs/heads/main refs/remotes/main [3ms]
2024-09-09 14:45:28.852 [info] > git status -z -uall [4ms]
2024-09-09 14:45:28.852 [info] > git config --get commit.template [6ms]
2024-09-09 14:45:28.852 [info] > git for-each-ref --format=%(refname)%00%(upstream:short)%00%(objectname)%00%(upstream:track)%00%(upstream:remotename)%00%(upstream:remoteref) refs/heads/main refs/remotes/main [1ms]
2024-09-09 14:45:28.852 [info] > git status -z -uall [2ms]
2024-09-09 14:45:29.471 [info] > git check-ignore -v -z --stdin [2ms]
2024-09-09 14:45:30.792 [info] > git show --textconv :check_runner.yml [6ms]
2024-09-09 14:45:30.796 [info] > git ls-files --stage -- /home/ec2-user/ansible_windows_project/check_runner.yml [5ms]
2024-09-09 14:45:30.801 [info] > git cat-file -s f11483506831be6c31a86ee37ca0bfa2f9bbf165 [2ms]
2024-09-09 14:45:31.287 [info] > git check-ignore -v -z --stdin [17ms]
2024-09-09 14:45:31.288 [info] > git check-ignore -v -z --stdin [10ms]
2024-09-09 14:47:42.474 [info] > git show --textconv :monitorResult.yml [5ms]
2024-09-09 14:47:42.477 [info] > git ls-files --stage -- /home/ec2-user/ansible_windows_project/monitorResult.yml [3ms]
2024-09-09 14:47:42.481 [info] > git cat-file -s 99056897c5cd8bb152b35da412a38591d711ae66 [1ms]
2024-09-09 14:47:49.197 [info] > git show --textconv :check_runner.yml [5ms]
2024-09-09 14:47:49.199 [info] > git ls-files --stage -- /home/ec2-user/ansible_windows_project/check_runner.yml [3ms]
2024-09-09 14:47:49.203 [info] > git cat-file -s f11483506831be6c31a86ee37ca0bfa2f9bbf165 [2ms]
2024-09-09 14:52:51.034 [info] > git show --textconv :monitorResult.yml [6ms]
2024-09-09 14:52:51.037 [info] > git ls-files --stage -- /home/ec2-user/ansible_windows_project/monitorResult.yml [3ms]
2024-09-09 14:52:51.042 [info] > git cat-file -s 99056897c5cd8bb152b35da412a38591d711ae66 [2ms]
2024-09-09 14:53:22.815 [info] > git config --get commit.template [6ms]
2024-09-09 14:53:22.817 [info] > git for-each-ref --format=%(refname)%00%(upstream:short)%00%(objectname)%00%(upstream:track)%00%(upstream:remotename)%00%(upstream:remoteref) refs/heads/main refs/remotes/main [4ms]
2024-09-09 14:53:22.826 [info] > git status -z -uall [3ms]
2024-09-09 14:53:23.501 [info] > git show --textconv :check_runner.yml [5ms]
2024-09-09 14:53:23.505 [info] > git ls-files --stage -- /home/ec2-user/ansible_windows_project/check_runner.yml [4ms]
2024-09-09 14:53:23.509 [info] > git cat-file -s f11483506831be6c31a86ee37ca0bfa2f9bbf165 [2ms]
2024-09-09 14:53:28.957 [info] > git config --get commit.template [5ms]
2024-09-09 14:53:28.959 [info] > git for-each-ref --format=%(refname)%00%(upstream:short)%00%(objectname)%00%(upstream:track)%00%(upstream:remotename)%00%(upstream:remoteref) refs/heads/main refs/remotes/main [3ms]
2024-09-09 14:53:28.963 [info] > git status -z -uall [2ms]
2024-09-09 14:59:49.595 [info] > git show --textconv :monitorResult.yml [6ms]
2024-09-09 14:59:49.599 [info] > git ls-files --stage -- /home/ec2-user/ansible_windows_project/monitorResult.yml [3ms]
2024-09-09 14:59:49.604 [info] > git cat-file -s 99056897c5cd8bb152b35da412a38591d711ae66 [3ms]
2024-09-09 15:03:35.374 [info] > git show --textconv :check_runner.yml [6ms]
2024-09-09 15:03:35.376 [info] > git ls-files --stage -- /home/ec2-user/ansible_windows_project/check_runner.yml [3ms]
2024-09-09 15:03:35.380 [info] > git cat-file -s f11483506831be6c31a86ee37ca0bfa2f9bbf165 [2ms]
2024-09-09 15:03:42.845 [info] > git show --textconv :monitorResult.yml [5ms]
2024-09-09 15:03:42.848 [info] > git ls-files --stage -- /home/ec2-user/ansible_windows_project/monitorResult.yml [3ms]
2024-09-09 15:03:42.851 [info] > git cat-file -s 99056897c5cd8bb152b35da412a38591d711ae66 [1ms]
2024-09-09 15:04:08.562 [info] > git show --textconv :check_runner.yml [4ms]
2024-09-09 15:04:08.565 [info] > git ls-files --stage -- /home/ec2-user/ansible_windows_project/check_runner.yml [3ms]
2024-09-09 15:04:08.568 [info] > git cat-file -s f11483506831be6c31a86ee37ca0bfa2f9bbf165 [1ms]
2024-09-09 15:04:20.960 [info] > git show --textconv :monitorResult.yml [5ms]
2024-09-09 15:04:20.962 [info] > git ls-files --stage -- /home/ec2-user/ansible_windows_project/monitorResult.yml [2ms]
2024-09-09 15:04:20.966 [info] > git cat-file -s 99056897c5cd8bb152b35da412a38591d711ae66 [1ms]
2024-09-09 15:04:22.942 [info] > git show --textconv :check_runner.yml [5ms]
2024-09-09 15:04:22.944 [info] > git ls-files --stage -- /home/ec2-user/ansible_windows_project/check_runner.yml [3ms]
2024-09-09 15:04:22.948 [info] > git cat-file -s f11483506831be6c31a86ee37ca0bfa2f9bbf165 [2ms]
2024-09-09 15:04:28.253 [info] > git show --textconv :monitorResult.yml [4ms]
2024-09-09 15:04:28.255 [info] > git ls-files --stage -- /home/ec2-user/ansible_windows_project/monitorResult.yml [3ms]
2024-09-09 15:04:28.259 [info] > git cat-file -s 99056897c5cd8bb152b35da412a38591d711ae66 [2ms]
2024-09-09 15:04:57.067 [info] > git config --get commit.template [4ms]
2024-09-09 15:04:57.069 [info] > git for-each-ref --format=%(refname)%00%(upstream:short)%00%(objectname)%00%(upstream:track)%00%(upstream:remotename)%00%(upstream:remoteref) refs/heads/main refs/remotes/main [2ms]
2024-09-09 15:04:57.073 [info] > git status -z -uall [2ms]
2024-09-09 15:06:16.173 [info] > git config --get commit.template [6ms]
2024-09-09 15:06:16.176 [info] > git for-each-ref --format=%(refname)%00%(upstream:short)%00%(objectname)%00%(upstream:track)%00%(upstream:remotename)%00%(upstream:remoteref) refs/heads/main refs/remotes/main [3ms]
2024-09-09 15:06:16.182 [info] > git status -z -uall [2ms]
2024-09-09 15:06:43.745 [info] > git show --textconv :check_runner.yml [5ms]
2024-09-09 15:06:43.749 [info] > git ls-files --stage -- /home/ec2-user/ansible_windows_project/check_runner.yml [3ms]
2024-09-09 15:06:43.753 [info] > git cat-file -s f11483506831be6c31a86ee37ca0bfa2f9bbf165 [2ms]
2024-09-09 15:06:49.834 [info] > git show --textconv :monitorResult.yml [6ms]
2024-09-09 15:06:49.838 [info] > git ls-files --stage -- /home/ec2-user/ansible_windows_project/monitorResult.yml [5ms]
2024-09-09 15:06:49.842 [info] > git cat-file -s 99056897c5cd8bb152b35da412a38591d711ae66 [2ms]
2024-09-09 15:06:53.191 [info] > git show --textconv :check_runner.yml [7ms]
2024-09-09 15:06:53.194 [info] > git ls-files --stage -- /home/ec2-user/ansible_windows_project/check_runner.yml [4ms]
2024-09-09 15:06:53.197 [info] > git cat-file -s f11483506831be6c31a86ee37ca0bfa2f9bbf165 [1ms]
2024-09-09 15:06:56.813 [info] > git show --textconv :monitorResult.yml [6ms]
2024-09-09 15:06:56.816 [info] > git ls-files --stage -- /home/ec2-user/ansible_windows_project/monitorResult.yml [3ms]
2024-09-09 15:06:56.821 [info] > git cat-file -s 99056897c5cd8bb152b35da412a38591d711ae66 [2ms]
2024-09-09 15:07:03.036 [info] > git show --textconv :check_runner.yml [8ms]
2024-09-09 15:07:03.038 [info] > git ls-files --stage -- /home/ec2-user/ansible_windows_project/check_runner.yml [4ms]
2024-09-09 15:07:03.042 [info] > git cat-file -s f11483506831be6c31a86ee37ca0bfa2f9bbf165 [2ms]
2024-09-09 15:07:08.349 [info] > git show --textconv :monitorResult.yml [5ms]
2024-09-09 15:07:08.353 [info] > git ls-files --stage -- /home/ec2-user/ansible_windows_project/monitorResult.yml [4ms]
2024-09-09 15:07:08.365 [info] > git cat-file -s 99056897c5cd8bb152b35da412a38591d711ae66 [3ms]
2024-09-09 15:07:21.322 [info] > git config --get commit.template [6ms]
2024-09-09 15:07:21.325 [info] > git for-each-ref --format=%(refname)%00%(upstream:short)%00%(objectname)%00%(upstream:track)%00%(upstream:remotename)%00%(upstream:remoteref) refs/heads/main refs/remotes/main [4ms]
2024-09-09 15:07:21.332 [info] > git status -z -uall [4ms]
2024-09-09 15:22:53.534 [info] > git config --get commit.template [5ms]
2024-09-09 15:22:53.537 [info] > git for-each-ref --format=%(refname)%00%(upstream:short)%00%(objectname)%00%(upstream:track)%00%(upstream:remotename)%00%(upstream:remoteref) refs/heads/main refs/remotes/main [3ms]
2024-09-09 15:22:53.543 [info] > git status -z -uall [2ms]
2024-09-09 15:23:35.363 [info] > git show --textconv :result.txt [7ms]
2024-09-09 15:23:35.365 [info] > git ls-files --stage -- /home/ec2-user/ansible_windows_project/result.txt [4ms]
2024-09-09 15:23:35.369 [info] > git cat-file -s 71cd3ebab61d6dd70284c60c29c089e53f2806ec [2ms]
