2024-09-10 04:58:01.758 [info] Log level: Info
2024-09-10 04:58:01.758 [info] Validating found git in: "git"
2024-09-10 04:58:01.758 [info] Using git "2.43.5" from "git"
2024-09-10 04:58:01.758 [info] > git rev-parse --show-toplevel [10ms]
2024-09-10 04:58:01.758 [info] fatal: not a git repository (or any of the parent directories): .git
2024-09-10 04:58:01.758 [info] > git rev-parse --show-toplevel [12ms]
2024-09-10 04:58:01.766 [info] > git rev-parse --git-dir --git-common-dir [2ms]
2024-09-10 04:58:01.778 [info] Open repository: /home/ec2-user/ansible_windows_project
2024-09-10 04:58:01.789 [info] > git config --get commit.template [4ms]
2024-09-10 04:58:01.794 [info] > git rev-parse --show-toplevel [6ms]
2024-09-10 04:58:01.794 [info] fatal: not a git repository (or any of the parent directories): .git
2024-09-10 04:58:01.800 [info] > git for-each-ref --format=%(refname)%00%(upstream:short)%00%(objectname)%00%(upstream:track)%00%(upstream:remotename)%00%(upstream:remoteref) refs/heads/main refs/remotes/main [7ms]
2024-09-10 04:58:01.806 [info] > git rev-parse --show-toplevel [6ms]
2024-09-10 04:58:01.806 [info] fatal: not a git repository (or any of the parent directories): .git
2024-09-10 04:58:01.812 [info] > git status -z -uall [7ms]
2024-09-10 04:58:01.829 [info] > git rev-parse --show-toplevel [19ms]
2024-09-10 04:58:01.830 [info] fatal: not a git repository (or any of the parent directories): .git
2024-09-10 04:58:01.833 [info] > git config --get commit.template [10ms]
2024-09-10 04:58:01.839 [info] > git rev-parse --show-toplevel [6ms]
2024-09-10 04:58:01.839 [info] fatal: not a git repository (or any of the parent directories): .git
2024-09-10 04:58:01.844 [info] > git for-each-ref --format=%(refname)%00%(upstream:short)%00%(objectname)%00%(upstream:track)%00%(upstream:remotename)%00%(upstream:remoteref) refs/heads/main refs/remotes/main [6ms]
2024-09-10 04:58:01.848 [info] > git rev-parse --show-toplevel [6ms]
2024-09-10 04:58:01.848 [info] fatal: not a git repository (or any of the parent directories): .git
2024-09-10 04:58:01.852 [info] > git status -z -uall [5ms]
2024-09-10 04:58:01.857 [info] > git rev-parse --show-toplevel [5ms]
2024-09-10 04:58:01.861 [info] > git rev-parse --git-dir --git-common-dir [1ms]
2024-09-10 04:58:01.866 [info] Open repository: /home/ec2-user/ansible-project
2024-09-10 04:58:01.887 [info] > git rev-parse --show-toplevel [15ms]
2024-09-10 04:58:01.887 [info] fatal: not a git repository (or any of the parent directories): .git
2024-09-10 04:58:01.890 [info] > git config --get commit.template [21ms]
2024-09-10 04:58:01.895 [info] > git for-each-ref --format=%(refname)%00%(upstream:short)%00%(objectname)%00%(upstream:track)%00%(upstream:remotename)%00%(upstream:remoteref) refs/heads/main refs/remotes/main [2ms]
2024-09-10 04:58:01.925 [info] > git status -z -uall [28ms]
2024-09-10 04:58:01.941 [info] > git config --get commit.template [9ms]
2024-09-10 04:58:01.943 [info] > git for-each-ref --format=%(refname)%00%(upstream:short)%00%(objectname)%00%(upstream:track)%00%(upstream:remotename)%00%(upstream:remoteref) refs/heads/main refs/remotes/main [2ms]
2024-09-10 04:58:01.948 [info] > git status -z -uall [3ms]
2024-09-10 04:58:02.513 [info] > git check-ignore -v -z --stdin [7ms]
2024-09-10 04:58:02.516 [info] > git check-ignore -v -z --stdin [4ms]
2024-09-10 04:58:03.352 [info] > git show --textconv :result.txt [7ms]
2024-09-10 04:58:03.453 [info] > git ls-files --stage -- /home/ec2-user/ansible_windows_project/result.txt [101ms]
2024-09-10 04:58:03.481 [info] > git cat-file -s 71cd3ebab61d6dd70284c60c29c089e53f2806ec [21ms]
2024-09-10 05:46:12.318 [info] > git show --textconv :monitorResult.yml [5ms]
2024-09-10 05:46:12.321 [info] > git ls-files --stage -- /home/ec2-user/ansible_windows_project/monitorResult.yml [3ms]
2024-09-10 05:46:12.325 [info] > git cat-file -s 99056897c5cd8bb152b35da412a38591d711ae66 [2ms]
2024-09-10 06:26:12.884 [info] > git show --textconv :check_runner.yml [5ms]
2024-09-10 06:26:12.886 [info] > git ls-files --stage -- /home/ec2-user/ansible_windows_project/check_runner.yml [3ms]
2024-09-10 06:26:12.890 [info] > git cat-file -s f11483506831be6c31a86ee37ca0bfa2f9bbf165 [2ms]
2024-09-10 06:26:15.011 [info] > git show --textconv :chrometest.yml [5ms]
2024-09-10 06:26:15.013 [info] > git ls-files --stage -- /home/ec2-user/ansible_windows_project/chrometest.yml [3ms]
2024-09-10 06:26:15.017 [info] > git cat-file -s 770fcc7cfbc315f8a95bae39343505ca325d5da1 [1ms]
2024-09-10 06:46:38.839 [info] > git config --get commit.template [4ms]
2024-09-10 06:46:38.842 [info] > git for-each-ref --format=%(refname)%00%(upstream:short)%00%(objectname)%00%(upstream:track)%00%(upstream:remotename)%00%(upstream:remoteref) refs/heads/main refs/remotes/main [3ms]
2024-09-10 06:46:38.846 [info] > git status -z -uall [2ms]
2024-09-10 06:48:27.978 [info] > git config --get commit.template [5ms]
2024-09-10 06:48:27.980 [info] > git for-each-ref --format=%(refname)%00%(upstream:short)%00%(objectname)%00%(upstream:track)%00%(upstream:remotename)%00%(upstream:remoteref) refs/heads/main refs/remotes/main [3ms]
2024-09-10 06:48:27.984 [info] > git status -z -uall [2ms]
2024-09-10 06:50:37.097 [info] > git show --textconv :check_runner.yml [5ms]
2024-09-10 06:50:37.099 [info] > git ls-files --stage -- /home/ec2-user/ansible_windows_project/check_runner.yml [3ms]
2024-09-10 06:50:37.103 [info] > git cat-file -s f11483506831be6c31a86ee37ca0bfa2f9bbf165 [2ms]
2024-09-10 06:51:07.729 [info] > git show --textconv :chrometest.yml [4ms]
2024-09-10 06:51:07.732 [info] > git ls-files --stage -- /home/ec2-user/ansible_windows_project/chrometest.yml [3ms]
2024-09-10 06:51:07.735 [info] > git cat-file -s 770fcc7cfbc315f8a95bae39343505ca325d5da1 [1ms]
2024-09-10 06:51:17.022 [info] > git show --textconv :check_runner.yml [4ms]
2024-09-10 06:51:17.024 [info] > git ls-files --stage -- /home/ec2-user/ansible_windows_project/check_runner.yml [2ms]
2024-09-10 06:51:17.028 [info] > git cat-file -s f11483506831be6c31a86ee37ca0bfa2f9bbf165 [2ms]
2024-09-10 06:51:46.524 [info] > git show --textconv :result.txt [4ms]
2024-09-10 06:51:46.526 [info] > git ls-files --stage -- /home/ec2-user/ansible_windows_project/result.txt [2ms]
2024-09-10 06:51:46.530 [info] > git cat-file -s 71cd3ebab61d6dd70284c60c29c089e53f2806ec [2ms]
2024-09-10 06:54:02.915 [info] > git show --textconv :check_runner.yml [4ms]
2024-09-10 06:54:02.918 [info] > git ls-files --stage -- /home/ec2-user/ansible_windows_project/check_runner.yml [3ms]
2024-09-10 06:54:02.922 [info] > git cat-file -s f11483506831be6c31a86ee37ca0bfa2f9bbf165 [2ms]
2024-09-10 06:57:07.767 [info] > git config --get commit.template [5ms]
2024-09-10 06:57:07.769 [info] > git for-each-ref --format=%(refname)%00%(upstream:short)%00%(objectname)%00%(upstream:track)%00%(upstream:remotename)%00%(upstream:remoteref) refs/heads/main refs/remotes/main [3ms]
2024-09-10 06:57:07.774 [info] > git status -z -uall [2ms]
2024-09-10 06:59:01.561 [info] > git config --get commit.template [4ms]
2024-09-10 06:59:01.562 [info] > git for-each-ref --format=%(refname)%00%(upstream:short)%00%(objectname)%00%(upstream:track)%00%(upstream:remotename)%00%(upstream:remoteref) refs/heads/main refs/remotes/main [2ms]
2024-09-10 06:59:01.567 [info] > git status -z -uall [2ms]
2024-09-10 07:00:41.635 [info] > git rev-parse --show-toplevel [3ms]
2024-09-10 07:00:41.635 [info] fatal: not a git repository (or any of the parent directories): .git
