*
* Visual Studio Code Server
*
* By using the software, you agree to
* the Visual Studio Code Server License Terms (https://aka.ms/vscode-server-license) and
* the Microsoft Privacy Statement (https://privacy.microsoft.com/en-US/privacystatement).
*
Server bound to 127.0.0.1:37065 (IPv4)
Extension host agent listening on 37065

[10:15:59] 




[10:15:59] Extension host agent started.
[10:16:00] [127.0.0.1][cbe8efd8][ManagementConnection] New connection established.
[10:16:00] [127.0.0.1][281cf5c4][ExtensionHostConnection] New connection established.
[10:16:00] [127.0.0.1][281cf5c4][ExtensionHostConnection] <1161> Launched Extension Host Process.
rejected promise not handled within 1 second: CodeExpectedError: Could not find pty on pty host
stack trace: CodeExpectedError: Could not find pty on pty host
    at A.U (/home/ec2-user/.vscode-server/bin/e7e037083ff4455cf320e344325dacb480062c3c/out/vs/platform/terminal/node/ptyHostMain.js:44:32246)
    at A.updateTitle (/home/ec2-user/.vscode-server/bin/e7e037083ff4455cf320e344325dacb480062c3c/out/vs/platform/terminal/node/ptyHostMain.js:44:27446)
    at V.<computed> (/home/ec2-user/.vscode-server/bin/e7e037083ff4455cf320e344325dacb480062c3c/out/vs/platform/terminal/node/ptyHostMain.js:44:22715)
    at Object.call (/home/ec2-user/.vscode-server/bin/e7e037083ff4455cf320e344325dacb480062c3c/out/vs/platform/terminal/node/ptyHostMain.js:34:5059)
    at h.s (/home/ec2-user/.vscode-server/bin/e7e037083ff4455cf320e344325dacb480062c3c/out/vs/platform/terminal/node/ptyHostMain.js:32:5150)
    at h.q (/home/ec2-user/.vscode-server/bin/e7e037083ff4455cf320e344325dacb480062c3c/out/vs/platform/terminal/node/ptyHostMain.js:32:4661)
    at g.value (/home/ec2-user/.vscode-server/bin/e7e037083ff4455cf320e344325dacb480062c3c/out/vs/platform/terminal/node/ptyHostMain.js:32:4066)
    at n.z (/home/ec2-user/.vscode-server/bin/e7e037083ff4455cf320e344325dacb480062c3c/out/vs/platform/terminal/node/ptyHostMain.js:27:1902)
    at n.fire (/home/ec2-user/.vscode-server/bin/e7e037083ff4455cf320e344325dacb480062c3c/out/vs/platform/terminal/node/ptyHostMain.js:27:2119)
    at process.he (/home/ec2-user/.vscode-server/bin/e7e037083ff4455cf320e344325dacb480062c3c/out/vs/platform/terminal/node/ptyHostMain.js:25:9949)
    at process.emit (node:events:513:28)
    at emit (node:internal/child_process:937:14)
    at process.processTicksAndRejections (node:internal/process/task_queues:83:21)
[10:16:03] Error [CodeExpectedError]: Could not find pty on pty host
    at A.U (/home/ec2-user/.vscode-server/bin/e7e037083ff4455cf320e344325dacb480062c3c/out/vs/platform/terminal/node/ptyHostMain.js:44:32246)
    at A.updateTitle (/home/ec2-user/.vscode-server/bin/e7e037083ff4455cf320e344325dacb480062c3c/out/vs/platform/terminal/node/ptyHostMain.js:44:27446)
    at V.<computed> (/home/ec2-user/.vscode-server/bin/e7e037083ff4455cf320e344325dacb480062c3c/out/vs/platform/terminal/node/ptyHostMain.js:44:22715)
    at Object.call (/home/ec2-user/.vscode-server/bin/e7e037083ff4455cf320e344325dacb480062c3c/out/vs/platform/terminal/node/ptyHostMain.js:34:5059)
    at h.s (/home/ec2-user/.vscode-server/bin/e7e037083ff4455cf320e344325dacb480062c3c/out/vs/platform/terminal/node/ptyHostMain.js:32:5150)
    at h.q (/home/ec2-user/.vscode-server/bin/e7e037083ff4455cf320e344325dacb480062c3c/out/vs/platform/terminal/node/ptyHostMain.js:32:4661)
    at g.value (/home/ec2-user/.vscode-server/bin/e7e037083ff4455cf320e344325dacb480062c3c/out/vs/platform/terminal/node/ptyHostMain.js:32:4066)
    at n.z (/home/ec2-user/.vscode-server/bin/e7e037083ff4455cf320e344325dacb480062c3c/out/vs/platform/terminal/node/ptyHostMain.js:27:1902)
    at n.fire (/home/ec2-user/.vscode-server/bin/e7e037083ff4455cf320e344325dacb480062c3c/out/vs/platform/terminal/node/ptyHostMain.js:27:2119)
    at process.he (/home/ec2-user/.vscode-server/bin/e7e037083ff4455cf320e344325dacb480062c3c/out/vs/platform/terminal/node/ptyHostMain.js:25:9949)
    at process.emit (node:events:513:28)
    at emit (node:internal/child_process:937:14)
    at process.processTicksAndRejections (node:internal/process/task_queues:83:21)
[10:16:18] [127.0.0.1][cbe8efd8][ManagementConnection] The client has disconnected gracefully, so the connection will be disposed.
[10:16:18] [127.0.0.1][281cf5c4][ExtensionHostConnection] <1161> Extension Host Process exited with code: 0, signal: null.
Cancelling previous shutdown timeout
[10:16:18] Cancelling previous shutdown timeout
Last EH closed, waiting before shutting down
[10:16:18] Last EH closed, waiting before shutting down
Got delay-shutdown request while in shutdown timeout, delaying
[10:16:26] Got delay-shutdown request while in shutdown timeout, delaying
Cancelling previous shutdown timeout
[10:16:26] Cancelling previous shutdown timeout
[10:16:27] [127.0.0.1][322eaba2][ManagementConnection] New connection established.
[10:16:27] [127.0.0.1][6b090d64][ExtensionHostConnection] New connection established.
[10:16:27] [127.0.0.1][6b090d64][ExtensionHostConnection] <1287> Launched Extension Host Process.
rejected promise not handled within 1 second: CodeExpectedError: Could not find pty on pty host
stack trace: CodeExpectedError: Could not find pty on pty host
    at A.U (/home/ec2-user/.vscode-server/bin/e7e037083ff4455cf320e344325dacb480062c3c/out/vs/platform/terminal/node/ptyHostMain.js:44:32246)
    at A.updateTitle (/home/ec2-user/.vscode-server/bin/e7e037083ff4455cf320e344325dacb480062c3c/out/vs/platform/terminal/node/ptyHostMain.js:44:27446)
    at V.<computed> (/home/ec2-user/.vscode-server/bin/e7e037083ff4455cf320e344325dacb480062c3c/out/vs/platform/terminal/node/ptyHostMain.js:44:22715)
    at Object.call (/home/ec2-user/.vscode-server/bin/e7e037083ff4455cf320e344325dacb480062c3c/out/vs/platform/terminal/node/ptyHostMain.js:34:5059)
    at h.s (/home/ec2-user/.vscode-server/bin/e7e037083ff4455cf320e344325dacb480062c3c/out/vs/platform/terminal/node/ptyHostMain.js:32:5150)
    at h.q (/home/ec2-user/.vscode-server/bin/e7e037083ff4455cf320e344325dacb480062c3c/out/vs/platform/terminal/node/ptyHostMain.js:32:4661)
    at g.value (/home/ec2-user/.vscode-server/bin/e7e037083ff4455cf320e344325dacb480062c3c/out/vs/platform/terminal/node/ptyHostMain.js:32:4066)
    at n.z (/home/ec2-user/.vscode-server/bin/e7e037083ff4455cf320e344325dacb480062c3c/out/vs/platform/terminal/node/ptyHostMain.js:27:1902)
    at n.fire (/home/ec2-user/.vscode-server/bin/e7e037083ff4455cf320e344325dacb480062c3c/out/vs/platform/terminal/node/ptyHostMain.js:27:2119)
    at process.he (/home/ec2-user/.vscode-server/bin/e7e037083ff4455cf320e344325dacb480062c3c/out/vs/platform/terminal/node/ptyHostMain.js:25:9949)
    at process.emit (node:events:513:28)
    at emit (node:internal/child_process:937:14)
    at process.processTicksAndRejections (node:internal/process/task_queues:83:21)
[10:16:29] Error [CodeExpectedError]: Could not find pty on pty host
    at A.U (/home/ec2-user/.vscode-server/bin/e7e037083ff4455cf320e344325dacb480062c3c/out/vs/platform/terminal/node/ptyHostMain.js:44:32246)
    at A.updateTitle (/home/ec2-user/.vscode-server/bin/e7e037083ff4455cf320e344325dacb480062c3c/out/vs/platform/terminal/node/ptyHostMain.js:44:27446)
    at V.<computed> (/home/ec2-user/.vscode-server/bin/e7e037083ff4455cf320e344325dacb480062c3c/out/vs/platform/terminal/node/ptyHostMain.js:44:22715)
    at Object.call (/home/ec2-user/.vscode-server/bin/e7e037083ff4455cf320e344325dacb480062c3c/out/vs/platform/terminal/node/ptyHostMain.js:34:5059)
    at h.s (/home/ec2-user/.vscode-server/bin/e7e037083ff4455cf320e344325dacb480062c3c/out/vs/platform/terminal/node/ptyHostMain.js:32:5150)
    at h.q (/home/ec2-user/.vscode-server/bin/e7e037083ff4455cf320e344325dacb480062c3c/out/vs/platform/terminal/node/ptyHostMain.js:32:4661)
    at g.value (/home/ec2-user/.vscode-server/bin/e7e037083ff4455cf320e344325dacb480062c3c/out/vs/platform/terminal/node/ptyHostMain.js:32:4066)
    at n.z (/home/ec2-user/.vscode-server/bin/e7e037083ff4455cf320e344325dacb480062c3c/out/vs/platform/terminal/node/ptyHostMain.js:27:1902)
    at n.fire (/home/ec2-user/.vscode-server/bin/e7e037083ff4455cf320e344325dacb480062c3c/out/vs/platform/terminal/node/ptyHostMain.js:27:2119)
    at process.he (/home/ec2-user/.vscode-server/bin/e7e037083ff4455cf320e344325dacb480062c3c/out/vs/platform/terminal/node/ptyHostMain.js:25:9949)
    at process.emit (node:events:513:28)
    at emit (node:internal/child_process:937:14)
    at process.processTicksAndRejections (node:internal/process/task_queues:83:21)
rejected promise not handled within 1 second: CodeExpectedError: Could not find pty on pty host
stack trace: CodeExpectedError: Could not find pty on pty host
    at A.U (/home/ec2-user/.vscode-server/bin/e7e037083ff4455cf320e344325dacb480062c3c/out/vs/platform/terminal/node/ptyHostMain.js:44:32246)
    at A.updateTitle (/home/ec2-user/.vscode-server/bin/e7e037083ff4455cf320e344325dacb480062c3c/out/vs/platform/terminal/node/ptyHostMain.js:44:27446)
    at V.<computed> (/home/ec2-user/.vscode-server/bin/e7e037083ff4455cf320e344325dacb480062c3c/out/vs/platform/terminal/node/ptyHostMain.js:44:22715)
    at Object.call (/home/ec2-user/.vscode-server/bin/e7e037083ff4455cf320e344325dacb480062c3c/out/vs/platform/terminal/node/ptyHostMain.js:34:5059)
    at h.s (/home/ec2-user/.vscode-server/bin/e7e037083ff4455cf320e344325dacb480062c3c/out/vs/platform/terminal/node/ptyHostMain.js:32:5150)
    at h.q (/home/ec2-user/.vscode-server/bin/e7e037083ff4455cf320e344325dacb480062c3c/out/vs/platform/terminal/node/ptyHostMain.js:32:4661)
    at g.value (/home/ec2-user/.vscode-server/bin/e7e037083ff4455cf320e344325dacb480062c3c/out/vs/platform/terminal/node/ptyHostMain.js:32:4066)
    at n.z (/home/ec2-user/.vscode-server/bin/e7e037083ff4455cf320e344325dacb480062c3c/out/vs/platform/terminal/node/ptyHostMain.js:27:1902)
    at n.fire (/home/ec2-user/.vscode-server/bin/e7e037083ff4455cf320e344325dacb480062c3c/out/vs/platform/terminal/node/ptyHostMain.js:27:2119)
    at process.he (/home/ec2-user/.vscode-server/bin/e7e037083ff4455cf320e344325dacb480062c3c/out/vs/platform/terminal/node/ptyHostMain.js:25:9949)
    at process.emit (node:events:513:28)
    at emit (node:internal/child_process:937:14)
    at process.processTicksAndRejections (node:internal/process/task_queues:83:21)
[10:16:32] Error [CodeExpectedError]: Could not find pty on pty host
    at A.U (/home/ec2-user/.vscode-server/bin/e7e037083ff4455cf320e344325dacb480062c3c/out/vs/platform/terminal/node/ptyHostMain.js:44:32246)
    at A.updateTitle (/home/ec2-user/.vscode-server/bin/e7e037083ff4455cf320e344325dacb480062c3c/out/vs/platform/terminal/node/ptyHostMain.js:44:27446)
    at V.<computed> (/home/ec2-user/.vscode-server/bin/e7e037083ff4455cf320e344325dacb480062c3c/out/vs/platform/terminal/node/ptyHostMain.js:44:22715)
    at Object.call (/home/ec2-user/.vscode-server/bin/e7e037083ff4455cf320e344325dacb480062c3c/out/vs/platform/terminal/node/ptyHostMain.js:34:5059)
    at h.s (/home/ec2-user/.vscode-server/bin/e7e037083ff4455cf320e344325dacb480062c3c/out/vs/platform/terminal/node/ptyHostMain.js:32:5150)
    at h.q (/home/ec2-user/.vscode-server/bin/e7e037083ff4455cf320e344325dacb480062c3c/out/vs/platform/terminal/node/ptyHostMain.js:32:4661)
    at g.value (/home/ec2-user/.vscode-server/bin/e7e037083ff4455cf320e344325dacb480062c3c/out/vs/platform/terminal/node/ptyHostMain.js:32:4066)
    at n.z (/home/ec2-user/.vscode-server/bin/e7e037083ff4455cf320e344325dacb480062c3c/out/vs/platform/terminal/node/ptyHostMain.js:27:1902)
    at n.fire (/home/ec2-user/.vscode-server/bin/e7e037083ff4455cf320e344325dacb480062c3c/out/vs/platform/terminal/node/ptyHostMain.js:27:2119)
    at process.he (/home/ec2-user/.vscode-server/bin/e7e037083ff4455cf320e344325dacb480062c3c/out/vs/platform/terminal/node/ptyHostMain.js:25:9949)
    at process.emit (node:events:513:28)
    at emit (node:internal/child_process:937:14)
    at process.processTicksAndRejections (node:internal/process/task_queues:83:21)
rejected promise not handled within 1 second: CodeExpectedError: Could not find pty on pty host
stack trace: CodeExpectedError: Could not find pty on pty host
    at A.U (/home/ec2-user/.vscode-server/bin/e7e037083ff4455cf320e344325dacb480062c3c/out/vs/platform/terminal/node/ptyHostMain.js:44:32246)
    at A.updateIcon (/home/ec2-user/.vscode-server/bin/e7e037083ff4455cf320e344325dacb480062c3c/out/vs/platform/terminal/node/ptyHostMain.js:44:27496)
    at V.<computed> (/home/ec2-user/.vscode-server/bin/e7e037083ff4455cf320e344325dacb480062c3c/out/vs/platform/terminal/node/ptyHostMain.js:44:22715)
    at Object.call (/home/ec2-user/.vscode-server/bin/e7e037083ff4455cf320e344325dacb480062c3c/out/vs/platform/terminal/node/ptyHostMain.js:34:5059)
    at h.s (/home/ec2-user/.vscode-server/bin/e7e037083ff4455cf320e344325dacb480062c3c/out/vs/platform/terminal/node/ptyHostMain.js:32:5150)
    at h.q (/home/ec2-user/.vscode-server/bin/e7e037083ff4455cf320e344325dacb480062c3c/out/vs/platform/terminal/node/ptyHostMain.js:32:4661)
    at g.value (/home/ec2-user/.vscode-server/bin/e7e037083ff4455cf320e344325dacb480062c3c/out/vs/platform/terminal/node/ptyHostMain.js:32:4066)
    at n.z (/home/ec2-user/.vscode-server/bin/e7e037083ff4455cf320e344325dacb480062c3c/out/vs/platform/terminal/node/ptyHostMain.js:27:1902)
    at n.fire (/home/ec2-user/.vscode-server/bin/e7e037083ff4455cf320e344325dacb480062c3c/out/vs/platform/terminal/node/ptyHostMain.js:27:2119)
    at process.he (/home/ec2-user/.vscode-server/bin/e7e037083ff4455cf320e344325dacb480062c3c/out/vs/platform/terminal/node/ptyHostMain.js:25:9949)
    at process.emit (node:events:513:28)
    at emit (node:internal/child_process:937:14)
    at process.processTicksAndRejections (node:internal/process/task_queues:83:21)
[10:16:32] Error [CodeExpectedError]: Could not find pty on pty host
    at A.U (/home/ec2-user/.vscode-server/bin/e7e037083ff4455cf320e344325dacb480062c3c/out/vs/platform/terminal/node/ptyHostMain.js:44:32246)
    at A.updateIcon (/home/ec2-user/.vscode-server/bin/e7e037083ff4455cf320e344325dacb480062c3c/out/vs/platform/terminal/node/ptyHostMain.js:44:27496)
    at V.<computed> (/home/ec2-user/.vscode-server/bin/e7e037083ff4455cf320e344325dacb480062c3c/out/vs/platform/terminal/node/ptyHostMain.js:44:22715)
    at Object.call (/home/ec2-user/.vscode-server/bin/e7e037083ff4455cf320e344325dacb480062c3c/out/vs/platform/terminal/node/ptyHostMain.js:34:5059)
    at h.s (/home/ec2-user/.vscode-server/bin/e7e037083ff4455cf320e344325dacb480062c3c/out/vs/platform/terminal/node/ptyHostMain.js:32:5150)
    at h.q (/home/ec2-user/.vscode-server/bin/e7e037083ff4455cf320e344325dacb480062c3c/out/vs/platform/terminal/node/ptyHostMain.js:32:4661)
    at g.value (/home/ec2-user/.vscode-server/bin/e7e037083ff4455cf320e344325dacb480062c3c/out/vs/platform/terminal/node/ptyHostMain.js:32:4066)
    at n.z (/home/ec2-user/.vscode-server/bin/e7e037083ff4455cf320e344325dacb480062c3c/out/vs/platform/terminal/node/ptyHostMain.js:27:1902)
    at n.fire (/home/ec2-user/.vscode-server/bin/e7e037083ff4455cf320e344325dacb480062c3c/out/vs/platform/terminal/node/ptyHostMain.js:27:2119)
    at process.he (/home/ec2-user/.vscode-server/bin/e7e037083ff4455cf320e344325dacb480062c3c/out/vs/platform/terminal/node/ptyHostMain.js:25:9949)
    at process.emit (node:events:513:28)
    at emit (node:internal/child_process:937:14)
    at process.processTicksAndRejections (node:internal/process/task_queues:83:21)
New EH opened, aborting shutdown
[10:21:26] New EH opened, aborting shutdown
